Arguments: 
  /usr/local/Cellar/node/9.7.1_1/bin/node /usr/local/Cellar/yarn/1.5.1_1/libexec/bin/yarn.js add --save tabletojson

PATH: 
  /Users/lukevance/Documents/geckodriver:/usr/local/opt/postgresql@9.5/bin:/Users/lukevance/Documents/opt/apache-maven-3.3.9/bin:/Users/lukevance/Documents/opt/apache-maven-3.3.9:/Users/lukevance/Documents/opt/soba/framework/src/main/java/com/cloudelements/framework/script/ce-groovy:/usr/local/bin:/usr/bin:/bin:/usr/sbin:/sbin:/Users/lukevance/go/bin

Yarn version: 
  1.5.1

Node version: 
  9.7.1

Platform: 
  darwin x64

npm manifest: 
  {
    "name": "fantasy-enrichment-api",
    "version": "1.0.0",
    "main": "index.js",
    "author": "Luke Vance <luke@cloud-elements.com>",
    "license": "MIT"
  }

yarn manifest: 
  No manifest

Lockfile: 
  No lockfile

Trace: 
  Error: Missing list of packages to add to your project.
      at new MessageError (/usr/local/Cellar/yarn/1.5.1_1/libexec/lib/cli.js:186:110)
      at Object.<anonymous> (/usr/local/Cellar/yarn/1.5.1_1/libexec/lib/cli.js:40587:13)
      at Generator.next (<anonymous>)
      at step (/usr/local/Cellar/yarn/1.5.1_1/libexec/lib/cli.js:98:30)
      at /usr/local/Cellar/yarn/1.5.1_1/libexec/lib/cli.js:116:14
      at new Promise (<anonymous>)
      at new F (/usr/local/Cellar/yarn/1.5.1_1/libexec/lib/cli.js:23451:28)
      at Object.<anonymous> (/usr/local/Cellar/yarn/1.5.1_1/libexec/lib/cli.js:95:12)
      at Object.run (/usr/local/Cellar/yarn/1.5.1_1/libexec/lib/cli.js:40599:19)
      at run (/usr/local/Cellar/yarn/1.5.1_1/libexec/lib/cli.js:89113:20)
